<?xml version="1.0" encoding="UTF-8"?>
<testng-results skipped="0" failed="0" ignored="8" total="13" passed="5">
  <reporter-output>
  </reporter-output>
  <suite name="Suite" duration-ms="17214" started-at="2021-03-30T14:29:39 IST" finished-at="2021-03-30T14:29:57 IST">
    <groups>
    </groups>
    <test name="Test" duration-ms="17214" started-at="2021-03-30T14:29:39 IST" finished-at="2021-03-30T14:29:57 IST">
      <class name="com.selenium.flipkart.testCases.LoginTest">
        <test-method status="PASS" signature="setup()[pri:0, instance:com.selenium.flipkart.testCases.LoginTest@167fdd33]" name="setup" is-config="true" duration-ms="7174" started-at="2021-03-30T14:29:32 IST" finished-at="2021-03-30T14:29:39 IST">
          <reporter-output>
          </reporter-output>
        </test-method> <!-- setup -->
        <test-method status="PASS" signature="LoginMethod()[pri:1, instance:com.selenium.flipkart.testCases.LoginTest@167fdd33]" name="LoginMethod" duration-ms="901" started-at="2021-03-30T14:29:40 IST" finished-at="2021-03-30T14:29:40 IST">
          <reporter-output>
          </reporter-output>
        </test-method> <!-- LoginMethod -->
        <test-method status="PASS" signature="quitDriver()[pri:0, instance:com.selenium.flipkart.testCases.LoginTest@167fdd33]" name="quitDriver" is-config="true" duration-ms="277" started-at="2021-03-30T14:29:56 IST" finished-at="2021-03-30T14:29:57 IST">
          <reporter-output>
          </reporter-output>
        </test-method> <!-- quitDriver -->
      </class> <!-- com.selenium.flipkart.testCases.LoginTest -->
      <class name="com.selenium.flipkart.testCases.AddToCartTest">
        <test-method status="PASS" signature="Cart()[pri:3, instance:com.selenium.flipkart.testCases.AddToCartTest@4d95d2a2]" name="Cart" duration-ms="2250" started-at="2021-03-30T14:29:54 IST" finished-at="2021-03-30T14:29:56 IST">
          <reporter-output>
          </reporter-output>
        </test-method> <!-- Cart -->
      </class> <!-- com.selenium.flipkart.testCases.AddToCartTest -->
      <class name="com.selenium.flipkart.testCases.FlipkartTest">
        <test-method status="PASS" signature="testAssertions()[pri:5, instance:com.selenium.flipkart.testCases.FlipkartTest@3b088d51]" name="testAssertions" duration-ms="6" started-at="2021-03-30T14:29:56 IST" finished-at="2021-03-30T14:29:56 IST">
          <reporter-output>
          </reporter-output>
        </test-method> <!-- testAssertions -->
      </class> <!-- com.selenium.flipkart.testCases.FlipkartTest -->
      <class name="com.selenium.flipkart.testCases.LogoutTest">
        <test-method status="PASS" signature="LogoutFromFlipkart()[pri:4, instance:com.selenium.flipkart.testCases.LogoutTest@53f65459]" name="LogoutFromFlipkart" duration-ms="321" started-at="2021-03-30T14:29:56 IST" finished-at="2021-03-30T14:29:56 IST">
          <reporter-output>
          </reporter-output>
        </test-method> <!-- LogoutFromFlipkart -->
      </class> <!-- com.selenium.flipkart.testCases.LogoutTest -->
      <class name="com.selenium.flipkart.testCases.SearchTest">
        <test-method status="PASS" signature="SearchFlipkart()[pri:2, instance:com.selenium.flipkart.testCases.SearchTest@1e965684]" name="SearchFlipkart" duration-ms="13369" started-at="2021-03-30T14:29:40 IST" finished-at="2021-03-30T14:29:54 IST">
          <reporter-output>
          </reporter-output>
        </test-method> <!-- SearchFlipkart -->
      </class> <!-- com.selenium.flipkart.testCases.SearchTest -->
    </test> <!-- Test -->
  </suite> <!-- Suite -->
</testng-results>
