<?xml version="1.0" encoding="UTF-8"?>
<!-- Generated by org.testng.reporters.JUnitXMLReporter -->
<testsuite hostname="tnamb" ignored="1" name="Default test" tests="2" failures="0" timestamp="2021-03-24T12:55:49 IST" time="19.888" errors="0">
  <testcase name="ScriptTest" time="17.831" classname="com.selenium.flipkart.test.TestFlipkart"/>
  <testcase name="LoginMethod" time="1.99" classname="com.selenium.flipkart.test.TestLogin"/>
  <testcase name="ScriptTest" time="0.0" classname="com.selenium.flipkart.test.TestFlipkart">
    <ignored/>
  </testcase> <!-- ScriptTest -->
</testsuite> <!-- Default test -->
