<?xml version="1.0" encoding="UTF-8"?>
<!-- Generated by org.testng.reporters.JUnitXMLReporter -->
<testsuite hostname="tnamb" ignored="0" name="Test" tests="2" failures="1" timestamp="2021-03-25T13:44:25 IST" time="23.324" errors="0">
  <testcase name="ScriptTest" time="23.24" classname="com.selenium.flipkart.test.TestFlipkart"/>
  <testcase name="testAssertions" time="0.021" classname="com.selenium.flipkart.test.TestFlipkart">
    <failure type="junit.framework.ComparisonFailure" message="expected:&amp;lt;[V.T.I Kids Ca]&amp;gt; but was:&amp;lt;[SomeProductName]&amp;gt;">
      <![CDATA[junit.framework.ComparisonFailure: expected:<[V.T.I Kids Ca]> but was:<[SomeProductName]>
at junit.framework.Assert.assertEquals(Assert.java:100)
at junit.framework.Assert.assertEquals(Assert.java:107)
at com.selenium.flipkart.test.TestFlipkart.testAssertions(TestFlipkart.java:193)
at java.util.ArrayList.forEach(Unknown Source)
... Removed 27 stack frames]]>
    </failure>
  </testcase> <!-- testAssertions -->
</testsuite> <!-- Test -->
