<?xml version="1.0" encoding="UTF-8"?>
<!-- Generated by org.testng.reporters.JUnitXMLReporter -->
<testsuite hostname="tnamb" ignored="8" name="Test" tests="5" failures="0" timestamp="2021-03-30T14:29:57 IST" time="17.214" errors="0">
  <testcase name="LoginMethod" time="0.901" classname="com.selenium.flipkart.testCases.LoginTest"/>
  <testcase name="SearchFlipkart" time="13.369" classname="com.selenium.flipkart.testCases.SearchTest"/>
  <testcase name="Cart" time="2.25" classname="com.selenium.flipkart.testCases.AddToCartTest"/>
  <testcase name="LogoutFromFlipkart" time="0.321" classname="com.selenium.flipkart.testCases.LogoutTest"/>
  <testcase name="testAssertions" time="0.006" classname="com.selenium.flipkart.testCases.FlipkartTest"/>
  <testcase name="@AfterTest quitDriver" time="0.0" classname="com.selenium.flipkart.testBase.TestBase">
    <ignored/>
  </testcase> <!-- @AfterTest quitDriver -->
  <testcase name="@AfterTest quitDriver" time="0.0" classname="com.selenium.flipkart.testBase.TestBase">
    <ignored/>
  </testcase> <!-- @AfterTest quitDriver -->
  <testcase name="@AfterTest quitDriver" time="0.0" classname="com.selenium.flipkart.testBase.TestBase">
    <ignored/>
  </testcase> <!-- @AfterTest quitDriver -->
  <testcase name="@AfterTest quitDriver" time="0.0" classname="com.selenium.flipkart.testBase.TestBase">
    <ignored/>
  </testcase> <!-- @AfterTest quitDriver -->
  <testcase name="@BeforeSuite setup" time="0.0" classname="com.selenium.flipkart.testBase.TestBase">
    <ignored/>
  </testcase> <!-- @BeforeSuite setup -->
  <testcase name="@BeforeSuite setup" time="0.0" classname="com.selenium.flipkart.testBase.TestBase">
    <ignored/>
  </testcase> <!-- @BeforeSuite setup -->
  <testcase name="@BeforeSuite setup" time="0.0" classname="com.selenium.flipkart.testBase.TestBase">
    <ignored/>
  </testcase> <!-- @BeforeSuite setup -->
  <testcase name="@BeforeSuite setup" time="0.0" classname="com.selenium.flipkart.testBase.TestBase">
    <ignored/>
  </testcase> <!-- @BeforeSuite setup -->
</testsuite> <!-- Test -->
